[2026-02-19T06:40:02.706+0000] {local_task_job_runner.py:120} INFO - ::group::Pre task execution logs
[2026-02-19T06:40:02.716+0000] {taskinstance.py:2076} INFO - Dependencies all met for dep_context=non-requeueable deps ti=<TaskInstance: spacenews_end_to_end.extract_articles_blogs_reports manual__2026-02-19T06:40:01.459815+00:00 [queued]>
[2026-02-19T06:40:02.718+0000] {taskinstance.py:2076} INFO - Dependencies all met for dep_context=requeueable deps ti=<TaskInstance: spacenews_end_to_end.extract_articles_blogs_reports manual__2026-02-19T06:40:01.459815+00:00 [queued]>
[2026-02-19T06:40:02.718+0000] {taskinstance.py:2306} INFO - Starting attempt 1 of 3
[2026-02-19T06:40:02.721+0000] {taskinstance.py:2330} INFO - Executing <Task(BashOperator): extract_articles_blogs_reports> on 2026-02-19 06:40:01.459815+00:00
[2026-02-19T06:40:02.722+0000] {standard_task_runner.py:64} INFO - Started process 81 to run task
[2026-02-19T06:40:02.723+0000] {standard_task_runner.py:90} INFO - Running: ['***', 'tasks', 'run', 'spacenews_end_to_end', 'extract_articles_blogs_reports', 'manual__2026-02-19T06:40:01.459815+00:00', '--job-id', '12', '--raw', '--subdir', 'DAGS_FOLDER/spacenews_dag.py', '--cfg-path', '/tmp/tmpwcjzgplp']
[2026-02-19T06:40:02.724+0000] {standard_task_runner.py:91} INFO - Job 12: Subtask extract_articles_blogs_reports
[2026-02-19T06:40:02.740+0000] {task_command.py:426} INFO - Running <TaskInstance: spacenews_end_to_end.extract_articles_blogs_reports manual__2026-02-19T06:40:01.459815+00:00 [running]> on host 141303d5dcec
[2026-02-19T06:40:02.766+0000] {taskinstance.py:2648} INFO - Exporting env vars: AIRFLOW_CTX_DAG_OWNER='data-eng' AIRFLOW_CTX_DAG_ID='spacenews_end_to_end' AIRFLOW_CTX_TASK_ID='extract_articles_blogs_reports' AIRFLOW_CTX_EXECUTION_DATE='2026-02-19T06:40:01.459815+00:00' AIRFLOW_CTX_TRY_NUMBER='1' AIRFLOW_CTX_DAG_RUN_ID='manual__2026-02-19T06:40:01.459815+00:00'
[2026-02-19T06:40:02.766+0000] {taskinstance.py:430} INFO - ::endgroup::
[2026-02-19T06:40:02.770+0000] {subprocess.py:63} INFO - Tmp dir root location: /tmp
[2026-02-19T06:40:02.771+0000] {subprocess.py:75} INFO - Running command: ['/usr/bin/bash', '-c', 'cd /opt/app && PYTHONPATH=/opt/app/src RUN_DATE=2026-02-19 python3 -m spacenews.extract.run_extract']
[2026-02-19T06:40:02.773+0000] {subprocess.py:86} INFO - Output:
[2026-02-19T06:40:03.038+0000] {subprocess.py:93} INFO - Traceback (most recent call last):
[2026-02-19T06:40:03.040+0000] {subprocess.py:93} INFO -   File "<frozen runpy>", line 198, in _run_module_as_main
[2026-02-19T06:40:03.041+0000] {subprocess.py:93} INFO -   File "<frozen runpy>", line 88, in _run_code
[2026-02-19T06:40:03.041+0000] {subprocess.py:93} INFO -   File "/opt/app/src/spacenews/extract/run_extract.py", line 8, in <module>
[2026-02-19T06:40:03.041+0000] {subprocess.py:93} INFO -     from spacenews.storage.state_store import upsert_state
[2026-02-19T06:40:03.041+0000] {subprocess.py:93} INFO -   File "/opt/app/src/spacenews/storage/state_store.py", line 4, in <module>
[2026-02-19T06:40:03.041+0000] {subprocess.py:93} INFO -     from spacenews.config import DW_HOST, DW_PORT, DW_DB, DW_USER, DW_PASSWORD
[2026-02-19T06:40:03.042+0000] {subprocess.py:93} INFO - ImportError: cannot import name 'DW_HOST' from 'spacenews.config' (/opt/app/src/spacenews/config.py)
[2026-02-19T06:40:03.052+0000] {subprocess.py:97} INFO - Command exited with return code 1
[2026-02-19T06:40:03.052+0000] {taskinstance.py:441} INFO - ::group::Post task execution logs
[2026-02-19T06:40:03.057+0000] {taskinstance.py:2905} ERROR - Task failed with exception
Traceback (most recent call last):
  File "/home/airflow/.local/lib/python3.12/site-packages/airflow/models/taskinstance.py", line 465, in _execute_task
    result = _execute_callable(context=context, **execute_callable_kwargs)
             ^^^^^^^^^^^^^^^^^^^^^^^^^^^^^^^^^^^^^^^^^^^^^^^^^^^^^^^^^^^^^
  File "/home/airflow/.local/lib/python3.12/site-packages/airflow/models/taskinstance.py", line 432, in _execute_callable
    return execute_callable(context=context, **execute_callable_kwargs)
           ^^^^^^^^^^^^^^^^^^^^^^^^^^^^^^^^^^^^^^^^^^^^^^^^^^^^^^^^^^^^
  File "/home/airflow/.local/lib/python3.12/site-packages/airflow/models/baseoperator.py", line 401, in wrapper
    return func(self, *args, **kwargs)
           ^^^^^^^^^^^^^^^^^^^^^^^^^^^
  File "/home/airflow/.local/lib/python3.12/site-packages/airflow/operators/bash.py", line 243, in execute
    raise AirflowException(
airflow.exceptions.AirflowException: Bash command failed. The command returned a non-zero exit code 1.
[2026-02-19T06:40:03.059+0000] {taskinstance.py:1206} INFO - Marking task as UP_FOR_RETRY. dag_id=spacenews_end_to_end, task_id=extract_articles_blogs_reports, run_id=manual__2026-02-19T06:40:01.459815+00:00, execution_date=20260219T064001, start_date=20260219T064002, end_date=20260219T064003
[2026-02-19T06:40:03.062+0000] {standard_task_runner.py:110} ERROR - Failed to execute job 12 for task extract_articles_blogs_reports (Bash command failed. The command returned a non-zero exit code 1.; 81)
[2026-02-19T06:40:03.069+0000] {local_task_job_runner.py:243} INFO - Task exited with return code 1
[2026-02-19T06:40:03.078+0000] {taskinstance.py:3503} INFO - 0 downstream tasks scheduled from follow-on schedule check
[2026-02-19T06:40:03.079+0000] {local_task_job_runner.py:222} INFO - ::endgroup::
