[2026-02-19T06:45:04.948+0000] {local_task_job_runner.py:120} INFO - ::group::Pre task execution logs
[2026-02-19T06:45:04.959+0000] {taskinstance.py:2076} INFO - Dependencies all met for dep_context=non-requeueable deps ti=<TaskInstance: spacenews_end_to_end.extract_articles_blogs_reports manual__2026-02-19T06:40:01.459815+00:00 [queued]>
[2026-02-19T06:45:04.961+0000] {taskinstance.py:2076} INFO - Dependencies all met for dep_context=requeueable deps ti=<TaskInstance: spacenews_end_to_end.extract_articles_blogs_reports manual__2026-02-19T06:40:01.459815+00:00 [queued]>
[2026-02-19T06:45:04.961+0000] {taskinstance.py:2306} INFO - Starting attempt 2 of 3
[2026-02-19T06:45:04.965+0000] {taskinstance.py:2330} INFO - Executing <Task(BashOperator): extract_articles_blogs_reports> on 2026-02-19 06:40:01.459815+00:00
[2026-02-19T06:45:04.966+0000] {standard_task_runner.py:64} INFO - Started process 97 to run task
[2026-02-19T06:45:04.967+0000] {standard_task_runner.py:90} INFO - Running: ['***', 'tasks', 'run', 'spacenews_end_to_end', 'extract_articles_blogs_reports', 'manual__2026-02-19T06:40:01.459815+00:00', '--job-id', '13', '--raw', '--subdir', 'DAGS_FOLDER/spacenews_dag.py', '--cfg-path', '/tmp/tmphd9uis2p']
[2026-02-19T06:45:04.968+0000] {standard_task_runner.py:91} INFO - Job 13: Subtask extract_articles_blogs_reports
[2026-02-19T06:45:04.988+0000] {task_command.py:426} INFO - Running <TaskInstance: spacenews_end_to_end.extract_articles_blogs_reports manual__2026-02-19T06:40:01.459815+00:00 [running]> on host 141303d5dcec
[2026-02-19T06:45:05.021+0000] {taskinstance.py:2648} INFO - Exporting env vars: AIRFLOW_CTX_DAG_OWNER='data-eng' AIRFLOW_CTX_DAG_ID='spacenews_end_to_end' AIRFLOW_CTX_TASK_ID='extract_articles_blogs_reports' AIRFLOW_CTX_EXECUTION_DATE='2026-02-19T06:40:01.459815+00:00' AIRFLOW_CTX_TRY_NUMBER='2' AIRFLOW_CTX_DAG_RUN_ID='manual__2026-02-19T06:40:01.459815+00:00'
[2026-02-19T06:45:05.021+0000] {taskinstance.py:430} INFO - ::endgroup::
[2026-02-19T06:45:05.026+0000] {subprocess.py:63} INFO - Tmp dir root location: /tmp
[2026-02-19T06:45:05.027+0000] {subprocess.py:75} INFO - Running command: ['/usr/bin/bash', '-c', 'cd /opt/app && PYTHONPATH=/opt/app/src RUN_DATE=2026-02-19 python3 -m spacenews.extract.run_extract']
[2026-02-19T06:45:05.029+0000] {subprocess.py:86} INFO - Output:
[2026-02-19T06:45:06.105+0000] {subprocess.py:93} INFO - Traceback (most recent call last):
[2026-02-19T06:45:06.106+0000] {subprocess.py:93} INFO -   File "<frozen runpy>", line 198, in _run_module_as_main
[2026-02-19T06:45:06.106+0000] {subprocess.py:93} INFO -   File "<frozen runpy>", line 88, in _run_code
[2026-02-19T06:45:06.107+0000] {subprocess.py:93} INFO -   File "/opt/app/src/spacenews/extract/run_extract.py", line 59, in <module>
[2026-02-19T06:45:06.109+0000] {subprocess.py:93} INFO -     main()
[2026-02-19T06:45:06.109+0000] {subprocess.py:93} INFO -   File "/opt/app/src/spacenews/extract/run_extract.py", line 32, in main
[2026-02-19T06:45:06.109+0000] {subprocess.py:93} INFO -     decision = upsert_state(ep, item_id, updated_at)
[2026-02-19T06:45:06.109+0000] {subprocess.py:93} INFO -                ^^^^^^^^^^^^^^^^^^^^^^^^^^^^^^^^^^^^^
[2026-02-19T06:45:06.110+0000] {subprocess.py:93} INFO -   File "/opt/app/src/spacenews/storage/state_store.py", line 34, in upsert_state
[2026-02-19T06:45:06.110+0000] {subprocess.py:93} INFO -     cur.execute("""
[2026-02-19T06:45:06.110+0000] {subprocess.py:93} INFO - psycopg2.errors.UndefinedColumn: column "updated_at" does not exist
[2026-02-19T06:45:06.110+0000] {subprocess.py:93} INFO - LINE 2:             SELECT updated_at
[2026-02-19T06:45:06.110+0000] {subprocess.py:93} INFO -                            ^
[2026-02-19T06:45:06.110+0000] {subprocess.py:93} INFO - 
[2026-02-19T06:45:06.141+0000] {subprocess.py:97} INFO - Command exited with return code 1
[2026-02-19T06:45:06.141+0000] {taskinstance.py:441} INFO - ::group::Post task execution logs
[2026-02-19T06:45:06.147+0000] {taskinstance.py:2905} ERROR - Task failed with exception
Traceback (most recent call last):
  File "/home/airflow/.local/lib/python3.12/site-packages/airflow/models/taskinstance.py", line 465, in _execute_task
    result = _execute_callable(context=context, **execute_callable_kwargs)
             ^^^^^^^^^^^^^^^^^^^^^^^^^^^^^^^^^^^^^^^^^^^^^^^^^^^^^^^^^^^^^
  File "/home/airflow/.local/lib/python3.12/site-packages/airflow/models/taskinstance.py", line 432, in _execute_callable
    return execute_callable(context=context, **execute_callable_kwargs)
           ^^^^^^^^^^^^^^^^^^^^^^^^^^^^^^^^^^^^^^^^^^^^^^^^^^^^^^^^^^^^
  File "/home/airflow/.local/lib/python3.12/site-packages/airflow/models/baseoperator.py", line 401, in wrapper
    return func(self, *args, **kwargs)
           ^^^^^^^^^^^^^^^^^^^^^^^^^^^
  File "/home/airflow/.local/lib/python3.12/site-packages/airflow/operators/bash.py", line 243, in execute
    raise AirflowException(
airflow.exceptions.AirflowException: Bash command failed. The command returned a non-zero exit code 1.
[2026-02-19T06:45:06.149+0000] {taskinstance.py:1206} INFO - Marking task as UP_FOR_RETRY. dag_id=spacenews_end_to_end, task_id=extract_articles_blogs_reports, run_id=manual__2026-02-19T06:40:01.459815+00:00, execution_date=20260219T064001, start_date=20260219T064504, end_date=20260219T064506
[2026-02-19T06:45:06.153+0000] {standard_task_runner.py:110} ERROR - Failed to execute job 13 for task extract_articles_blogs_reports (Bash command failed. The command returned a non-zero exit code 1.; 97)
[2026-02-19T06:45:06.161+0000] {local_task_job_runner.py:243} INFO - Task exited with return code 1
[2026-02-19T06:45:06.172+0000] {taskinstance.py:3503} INFO - 0 downstream tasks scheduled from follow-on schedule check
[2026-02-19T06:45:06.172+0000] {local_task_job_runner.py:222} INFO - ::endgroup::
