[2026-02-19T06:56:39.306+0000] {local_task_job_runner.py:120} INFO - ::group::Pre task execution logs
[2026-02-19T06:56:39.314+0000] {taskinstance.py:2076} INFO - Dependencies all met for dep_context=non-requeueable deps ti=<TaskInstance: spacenews_end_to_end.extract_articles_blogs_reports manual__2026-02-19T06:49:50.484818+00:00 [queued]>
[2026-02-19T06:56:39.315+0000] {taskinstance.py:2076} INFO - Dependencies all met for dep_context=requeueable deps ti=<TaskInstance: spacenews_end_to_end.extract_articles_blogs_reports manual__2026-02-19T06:49:50.484818+00:00 [queued]>
[2026-02-19T06:56:39.316+0000] {taskinstance.py:2306} INFO - Starting attempt 3 of 5
[2026-02-19T06:56:39.323+0000] {taskinstance.py:2330} INFO - Executing <Task(BashOperator): extract_articles_blogs_reports> on 2026-02-19 06:49:50.484818+00:00
[2026-02-19T06:56:39.324+0000] {standard_task_runner.py:64} INFO - Started process 107 to run task
[2026-02-19T06:56:39.326+0000] {standard_task_runner.py:90} INFO - Running: ['airflow', 'tasks', 'run', 'spacenews_end_to_end', 'extract_articles_blogs_reports', 'manual__2026-02-19T06:49:50.484818+00:00', '--job-id', '5', '--raw', '--subdir', 'DAGS_FOLDER/spacenews_dag.py', '--cfg-path', '/tmp/tmpsynx0iok']
[2026-02-19T06:56:39.326+0000] {standard_task_runner.py:91} INFO - Job 5: Subtask extract_articles_blogs_reports
[2026-02-19T06:56:39.339+0000] {task_command.py:426} INFO - Running <TaskInstance: spacenews_end_to_end.extract_articles_blogs_reports manual__2026-02-19T06:49:50.484818+00:00 [running]> on host d83c35666308
[2026-02-19T06:56:39.358+0000] {taskinstance.py:2648} INFO - Exporting env vars: AIRFLOW_CTX_DAG_OWNER='data-eng' AIRFLOW_CTX_DAG_ID='spacenews_end_to_end' AIRFLOW_CTX_TASK_ID='extract_articles_blogs_reports' AIRFLOW_CTX_EXECUTION_DATE='2026-02-19T06:49:50.484818+00:00' AIRFLOW_CTX_TRY_NUMBER='3' AIRFLOW_CTX_DAG_RUN_ID='manual__2026-02-19T06:49:50.484818+00:00'
[2026-02-19T06:56:39.359+0000] {taskinstance.py:430} INFO - ::endgroup::
[2026-02-19T06:56:39.364+0000] {subprocess.py:63} INFO - Tmp dir root location: /tmp
[2026-02-19T06:56:39.364+0000] {subprocess.py:75} INFO - Running command: ['/usr/bin/bash', '-c', 'cd /opt/app && PYTHONPATH=/opt/app/src RUN_DATE=2026-02-19 python3 -m spacenews.extract.run_extract']
[2026-02-19T06:56:39.366+0000] {subprocess.py:86} INFO - Output:
[2026-02-19T06:56:40.609+0000] {subprocess.py:93} INFO - {"ts": "2026-02-19T06:56:40.609053Z", "level": "INFO", "msg": "page_fetched", "endpoint": "articles", "page": 1, "count": 100, "has_next": true}
[2026-02-19T06:56:40.991+0000] {subprocess.py:93} INFO - {"ts": "2026-02-19T06:56:40.991445Z", "level": "INFO", "msg": "progress", "endpoint": "articles", "fetched": 200, "new": 0, "updated": 0, "skipped": 200}
[2026-02-19T06:56:40.991+0000] {subprocess.py:93} INFO - {"ts": "2026-02-19T06:56:40.991487Z", "level": "INFO", "msg": "page_fetched", "endpoint": "articles", "page": 2, "count": 100, "has_next": true}
[2026-02-19T06:56:42.405+0000] {subprocess.py:93} INFO - {"ts": "2026-02-19T06:56:42.404727Z", "level": "INFO", "msg": "dev_limit_reached", "endpoint": "articles", "max_items": 300}
[2026-02-19T06:56:42.405+0000] {subprocess.py:93} INFO - {"ts": "2026-02-19T06:56:42.404955Z", "level": "INFO", "msg": "endpoint_done", "run_id": "550c25c2-e197-4b0b-baf8-d9f6470403ca", "endpoint": "articles", "fetched": 300, "new": 0, "updated": 0, "skipped": 300, "bronze_written": 0}
[2026-02-19T06:56:43.970+0000] {subprocess.py:93} INFO - {"ts": "2026-02-19T06:56:43.970153Z", "level": "INFO", "msg": "page_fetched", "endpoint": "blogs", "page": 1, "count": 100, "has_next": true}
[2026-02-19T06:56:45.084+0000] {subprocess.py:93} INFO - {"ts": "2026-02-19T06:56:45.084867Z", "level": "INFO", "msg": "progress", "endpoint": "blogs", "fetched": 200, "new": 0, "updated": 200, "skipped": 0}
[2026-02-19T06:56:45.085+0000] {subprocess.py:93} INFO - {"ts": "2026-02-19T06:56:45.084900Z", "level": "INFO", "msg": "page_fetched", "endpoint": "blogs", "page": 2, "count": 100, "has_next": true}
[2026-02-19T06:56:45.765+0000] {subprocess.py:93} INFO - {"ts": "2026-02-19T06:56:45.765303Z", "level": "INFO", "msg": "dev_limit_reached", "endpoint": "blogs", "max_items": 300}
[2026-02-19T06:56:54.001+0000] {subprocess.py:93} INFO - Traceback (most recent call last):
[2026-02-19T06:56:54.002+0000] {subprocess.py:93} INFO -   File "/home/airflow/.local/lib/python3.12/site-packages/urllib3/connection.py", line 203, in _new_conn
[2026-02-19T06:56:54.003+0000] {subprocess.py:93} INFO -     sock = connection.create_connection(
[2026-02-19T06:56:54.003+0000] {subprocess.py:93} INFO -            ^^^^^^^^^^^^^^^^^^^^^^^^^^^^^
[2026-02-19T06:56:54.004+0000] {subprocess.py:93} INFO -   File "/home/airflow/.local/lib/python3.12/site-packages/urllib3/util/connection.py", line 85, in create_connection
[2026-02-19T06:56:54.004+0000] {subprocess.py:93} INFO -     raise err
[2026-02-19T06:56:54.005+0000] {subprocess.py:93} INFO -   File "/home/airflow/.local/lib/python3.12/site-packages/urllib3/util/connection.py", line 73, in create_connection
[2026-02-19T06:56:54.006+0000] {subprocess.py:93} INFO -     sock.connect(sa)
[2026-02-19T06:56:54.007+0000] {subprocess.py:93} INFO - ConnectionRefusedError: [Errno 111] Connection refused
[2026-02-19T06:56:54.007+0000] {subprocess.py:93} INFO - 
[2026-02-19T06:56:54.007+0000] {subprocess.py:93} INFO - The above exception was the direct cause of the following exception:
[2026-02-19T06:56:54.007+0000] {subprocess.py:93} INFO - 
[2026-02-19T06:56:54.007+0000] {subprocess.py:93} INFO - Traceback (most recent call last):
[2026-02-19T06:56:54.008+0000] {subprocess.py:93} INFO -   File "/home/airflow/.local/lib/python3.12/site-packages/botocore/httpsession.py", line 464, in send
[2026-02-19T06:56:54.008+0000] {subprocess.py:93} INFO -     urllib_response = conn.urlopen(
[2026-02-19T06:56:54.008+0000] {subprocess.py:93} INFO -                       ^^^^^^^^^^^^^
[2026-02-19T06:56:54.008+0000] {subprocess.py:93} INFO -   File "/home/airflow/.local/lib/python3.12/site-packages/urllib3/connectionpool.py", line 845, in urlopen
[2026-02-19T06:56:54.008+0000] {subprocess.py:93} INFO -     retries = retries.increment(
[2026-02-19T06:56:54.008+0000] {subprocess.py:93} INFO -               ^^^^^^^^^^^^^^^^^^
[2026-02-19T06:56:54.009+0000] {subprocess.py:93} INFO -   File "/home/airflow/.local/lib/python3.12/site-packages/urllib3/util/retry.py", line 445, in increment
[2026-02-19T06:56:54.009+0000] {subprocess.py:93} INFO -     raise reraise(type(error), error, _stacktrace)
[2026-02-19T06:56:54.009+0000] {subprocess.py:93} INFO -           ^^^^^^^^^^^^^^^^^^^^^^^^^^^^^^^^^^^^^^^^
[2026-02-19T06:56:54.009+0000] {subprocess.py:93} INFO -   File "/home/airflow/.local/lib/python3.12/site-packages/urllib3/util/util.py", line 39, in reraise
[2026-02-19T06:56:54.010+0000] {subprocess.py:93} INFO -     raise value
[2026-02-19T06:56:54.010+0000] {subprocess.py:93} INFO -   File "/home/airflow/.local/lib/python3.12/site-packages/urllib3/connectionpool.py", line 791, in urlopen
[2026-02-19T06:56:54.010+0000] {subprocess.py:93} INFO -     response = self._make_request(
[2026-02-19T06:56:54.010+0000] {subprocess.py:93} INFO -                ^^^^^^^^^^^^^^^^^^^
[2026-02-19T06:56:54.010+0000] {subprocess.py:93} INFO -   File "/home/airflow/.local/lib/python3.12/site-packages/urllib3/connectionpool.py", line 497, in _make_request
[2026-02-19T06:56:54.010+0000] {subprocess.py:93} INFO -     conn.request(
[2026-02-19T06:56:54.010+0000] {subprocess.py:93} INFO -   File "/home/airflow/.local/lib/python3.12/site-packages/botocore/awsrequest.py", line 96, in request
[2026-02-19T06:56:54.010+0000] {subprocess.py:93} INFO -     rval = super().request(method, url, body, headers, *args, **kwargs)
[2026-02-19T06:56:54.011+0000] {subprocess.py:93} INFO -            ^^^^^^^^^^^^^^^^^^^^^^^^^^^^^^^^^^^^^^^^^^^^^^^^^^^^^^^^^^^^
[2026-02-19T06:56:54.011+0000] {subprocess.py:93} INFO -   File "/home/airflow/.local/lib/python3.12/site-packages/urllib3/connection.py", line 395, in request
[2026-02-19T06:56:54.011+0000] {subprocess.py:93} INFO -     self.endheaders()
[2026-02-19T06:56:54.011+0000] {subprocess.py:93} INFO -   File "/usr/local/lib/python3.12/http/client.py", line 1331, in endheaders
[2026-02-19T06:56:54.011+0000] {subprocess.py:93} INFO -     self._send_output(message_body, encode_chunked=encode_chunked)
[2026-02-19T06:56:54.011+0000] {subprocess.py:93} INFO -   File "/home/airflow/.local/lib/python3.12/site-packages/botocore/awsrequest.py", line 123, in _send_output
[2026-02-19T06:56:54.011+0000] {subprocess.py:93} INFO -     self.send(msg)
[2026-02-19T06:56:54.011+0000] {subprocess.py:93} INFO -   File "/home/airflow/.local/lib/python3.12/site-packages/botocore/awsrequest.py", line 223, in send
[2026-02-19T06:56:54.012+0000] {subprocess.py:93} INFO -     return super().send(str)
[2026-02-19T06:56:54.012+0000] {subprocess.py:93} INFO -            ^^^^^^^^^^^^^^^^^
[2026-02-19T06:56:54.012+0000] {subprocess.py:93} INFO -   File "/usr/local/lib/python3.12/http/client.py", line 1035, in send
[2026-02-19T06:56:54.012+0000] {subprocess.py:93} INFO -     self.connect()
[2026-02-19T06:56:54.012+0000] {subprocess.py:93} INFO -   File "/home/airflow/.local/lib/python3.12/site-packages/urllib3/connection.py", line 243, in connect
[2026-02-19T06:56:54.012+0000] {subprocess.py:93} INFO -     self.sock = self._new_conn()
[2026-02-19T06:56:54.013+0000] {subprocess.py:93} INFO -                 ^^^^^^^^^^^^^^^^
[2026-02-19T06:56:54.013+0000] {subprocess.py:93} INFO -   File "/home/airflow/.local/lib/python3.12/site-packages/urllib3/connection.py", line 218, in _new_conn
[2026-02-19T06:56:54.013+0000] {subprocess.py:93} INFO -     raise NewConnectionError(
[2026-02-19T06:56:54.013+0000] {subprocess.py:93} INFO - urllib3.exceptions.NewConnectionError: <botocore.awsrequest.AWSHTTPConnection object at 0xffff916095b0>: Failed to establish a new connection: [Errno 111] Connection refused
[2026-02-19T06:56:54.013+0000] {subprocess.py:93} INFO - 
[2026-02-19T06:56:54.014+0000] {subprocess.py:93} INFO - During handling of the above exception, another exception occurred:
[2026-02-19T06:56:54.014+0000] {subprocess.py:93} INFO - 
[2026-02-19T06:56:54.014+0000] {subprocess.py:93} INFO - Traceback (most recent call last):
[2026-02-19T06:56:54.014+0000] {subprocess.py:93} INFO -   File "<frozen runpy>", line 198, in _run_module_as_main
[2026-02-19T06:56:54.014+0000] {subprocess.py:93} INFO -   File "<frozen runpy>", line 88, in _run_code
[2026-02-19T06:56:54.015+0000] {subprocess.py:93} INFO -   File "/opt/app/src/spacenews/extract/run_extract.py", line 59, in <module>
[2026-02-19T06:56:54.015+0000] {subprocess.py:93} INFO -     main()
[2026-02-19T06:56:54.015+0000] {subprocess.py:93} INFO -   File "/opt/app/src/spacenews/extract/run_extract.py", line 52, in main
[2026-02-19T06:56:54.015+0000] {subprocess.py:93} INFO -     write_bronze(endpoint=ep, records=bronze_records, run_date=run_date)
[2026-02-19T06:56:54.015+0000] {subprocess.py:93} INFO -   File "/opt/app/src/spacenews/storage/bronze_writer.py", line 25, in write_bronze
[2026-02-19T06:56:54.015+0000] {subprocess.py:93} INFO -     s3.put_object(Bucket=S3_BUCKET, Key=key, Body=body.encode("utf-8"))
[2026-02-19T06:56:54.015+0000] {subprocess.py:93} INFO -   File "/home/airflow/.local/lib/python3.12/site-packages/botocore/client.py", line 565, in _api_call
[2026-02-19T06:56:54.015+0000] {subprocess.py:93} INFO -     return self._make_api_call(operation_name, kwargs)
[2026-02-19T06:56:54.015+0000] {subprocess.py:93} INFO -            ^^^^^^^^^^^^^^^^^^^^^^^^^^^^^^^^^^^^^^^^^^^
[2026-02-19T06:56:54.015+0000] {subprocess.py:93} INFO -   File "/home/airflow/.local/lib/python3.12/site-packages/botocore/client.py", line 1001, in _make_api_call
[2026-02-19T06:56:54.016+0000] {subprocess.py:93} INFO -     http, parsed_response = self._make_request(
[2026-02-19T06:56:54.016+0000] {subprocess.py:93} INFO -                             ^^^^^^^^^^^^^^^^^^^
[2026-02-19T06:56:54.016+0000] {subprocess.py:93} INFO -   File "/home/airflow/.local/lib/python3.12/site-packages/botocore/client.py", line 1027, in _make_request
[2026-02-19T06:56:54.016+0000] {subprocess.py:93} INFO -     return self._endpoint.make_request(operation_model, request_dict)
[2026-02-19T06:56:54.016+0000] {subprocess.py:93} INFO -            ^^^^^^^^^^^^^^^^^^^^^^^^^^^^^^^^^^^^^^^^^^^^^^^^^^^^^^^^^^
[2026-02-19T06:56:54.016+0000] {subprocess.py:93} INFO -   File "/home/airflow/.local/lib/python3.12/site-packages/botocore/endpoint.py", line 119, in make_request
[2026-02-19T06:56:54.016+0000] {subprocess.py:93} INFO -     return self._send_request(request_dict, operation_model)
[2026-02-19T06:56:54.016+0000] {subprocess.py:93} INFO -            ^^^^^^^^^^^^^^^^^^^^^^^^^^^^^^^^^^^^^^^^^^^^^^^^^
[2026-02-19T06:56:54.017+0000] {subprocess.py:93} INFO -   File "/home/airflow/.local/lib/python3.12/site-packages/botocore/endpoint.py", line 202, in _send_request
[2026-02-19T06:56:54.017+0000] {subprocess.py:93} INFO -     while self._needs_retry(
[2026-02-19T06:56:54.017+0000] {subprocess.py:93} INFO -           ^^^^^^^^^^^^^^^^^^
[2026-02-19T06:56:54.017+0000] {subprocess.py:93} INFO -   File "/home/airflow/.local/lib/python3.12/site-packages/botocore/endpoint.py", line 354, in _needs_retry
[2026-02-19T06:56:54.017+0000] {subprocess.py:93} INFO -     responses = self._event_emitter.emit(
[2026-02-19T06:56:54.017+0000] {subprocess.py:93} INFO -                 ^^^^^^^^^^^^^^^^^^^^^^^^^
[2026-02-19T06:56:54.017+0000] {subprocess.py:93} INFO -   File "/home/airflow/.local/lib/python3.12/site-packages/botocore/hooks.py", line 412, in emit
[2026-02-19T06:56:54.018+0000] {subprocess.py:93} INFO -     return self._emitter.emit(aliased_event_name, **kwargs)
[2026-02-19T06:56:54.018+0000] {subprocess.py:93} INFO -            ^^^^^^^^^^^^^^^^^^^^^^^^^^^^^^^^^^^^^^^^^^^^^^^^
[2026-02-19T06:56:54.018+0000] {subprocess.py:93} INFO -   File "/home/airflow/.local/lib/python3.12/site-packages/botocore/hooks.py", line 256, in emit
[2026-02-19T06:56:54.018+0000] {subprocess.py:93} INFO -     return self._emit(event_name, kwargs)
[2026-02-19T06:56:54.018+0000] {subprocess.py:93} INFO -            ^^^^^^^^^^^^^^^^^^^^^^^^^^^^^^
[2026-02-19T06:56:54.018+0000] {subprocess.py:93} INFO -   File "/home/airflow/.local/lib/python3.12/site-packages/botocore/hooks.py", line 239, in _emit
[2026-02-19T06:56:54.018+0000] {subprocess.py:93} INFO -     response = handler(**kwargs)
[2026-02-19T06:56:54.018+0000] {subprocess.py:93} INFO -                ^^^^^^^^^^^^^^^^^
[2026-02-19T06:56:54.019+0000] {subprocess.py:93} INFO -   File "/home/airflow/.local/lib/python3.12/site-packages/botocore/retryhandler.py", line 207, in __call__
[2026-02-19T06:56:54.019+0000] {subprocess.py:93} INFO -     if self._checker(**checker_kwargs):
[2026-02-19T06:56:54.019+0000] {subprocess.py:93} INFO -        ^^^^^^^^^^^^^^^^^^^^^^^^^^^^^^^
[2026-02-19T06:56:54.019+0000] {subprocess.py:93} INFO -   File "/home/airflow/.local/lib/python3.12/site-packages/botocore/retryhandler.py", line 284, in __call__
[2026-02-19T06:56:54.019+0000] {subprocess.py:93} INFO -     should_retry = self._should_retry(
[2026-02-19T06:56:54.019+0000] {subprocess.py:93} INFO -                    ^^^^^^^^^^^^^^^^^^^
[2026-02-19T06:56:54.019+0000] {subprocess.py:93} INFO -   File "/home/airflow/.local/lib/python3.12/site-packages/botocore/retryhandler.py", line 320, in _should_retry
[2026-02-19T06:56:54.019+0000] {subprocess.py:93} INFO -     return self._checker(attempt_number, response, caught_exception)
[2026-02-19T06:56:54.019+0000] {subprocess.py:93} INFO -            ^^^^^^^^^^^^^^^^^^^^^^^^^^^^^^^^^^^^^^^^^^^^^^^^^^^^^^^^^
[2026-02-19T06:56:54.020+0000] {subprocess.py:93} INFO -   File "/home/airflow/.local/lib/python3.12/site-packages/botocore/retryhandler.py", line 363, in __call__
[2026-02-19T06:56:54.020+0000] {subprocess.py:93} INFO -     checker_response = checker(
[2026-02-19T06:56:54.020+0000] {subprocess.py:93} INFO -                        ^^^^^^^^
[2026-02-19T06:56:54.020+0000] {subprocess.py:93} INFO -   File "/home/airflow/.local/lib/python3.12/site-packages/botocore/retryhandler.py", line 247, in __call__
[2026-02-19T06:56:54.020+0000] {subprocess.py:93} INFO -     return self._check_caught_exception(
[2026-02-19T06:56:54.020+0000] {subprocess.py:93} INFO -            ^^^^^^^^^^^^^^^^^^^^^^^^^^^^^
[2026-02-19T06:56:54.021+0000] {subprocess.py:93} INFO -   File "/home/airflow/.local/lib/python3.12/site-packages/botocore/retryhandler.py", line 416, in _check_caught_exception
[2026-02-19T06:56:54.021+0000] {subprocess.py:93} INFO -     raise caught_exception
[2026-02-19T06:56:54.021+0000] {subprocess.py:93} INFO -   File "/home/airflow/.local/lib/python3.12/site-packages/botocore/endpoint.py", line 281, in _do_get_response
[2026-02-19T06:56:54.021+0000] {subprocess.py:93} INFO -     http_response = self._send(request)
[2026-02-19T06:56:54.021+0000] {subprocess.py:93} INFO -                     ^^^^^^^^^^^^^^^^^^^
[2026-02-19T06:56:54.021+0000] {subprocess.py:93} INFO -   File "/home/airflow/.local/lib/python3.12/site-packages/botocore/endpoint.py", line 377, in _send
[2026-02-19T06:56:54.021+0000] {subprocess.py:93} INFO -     return self.http_session.send(request)
[2026-02-19T06:56:54.021+0000] {subprocess.py:93} INFO -            ^^^^^^^^^^^^^^^^^^^^^^^^^^^^^^^
[2026-02-19T06:56:54.021+0000] {subprocess.py:93} INFO -   File "/home/airflow/.local/lib/python3.12/site-packages/botocore/httpsession.py", line 493, in send
[2026-02-19T06:56:54.021+0000] {subprocess.py:93} INFO -     raise EndpointConnectionError(endpoint_url=request.url, error=e)
[2026-02-19T06:56:54.021+0000] {subprocess.py:93} INFO - botocore.exceptions.EndpointConnectionError: Could not connect to the endpoint URL: "http://localhost:9000/datalake/bronze/blogs/ingestion_date%3D2026-02-19/data.jsonl"
[2026-02-19T06:56:54.062+0000] {subprocess.py:97} INFO - Command exited with return code 1
[2026-02-19T06:56:54.062+0000] {taskinstance.py:441} INFO - ::group::Post task execution logs
[2026-02-19T06:56:54.066+0000] {taskinstance.py:2905} ERROR - Task failed with exception
Traceback (most recent call last):
  File "/home/airflow/.local/lib/python3.12/site-packages/airflow/models/taskinstance.py", line 465, in _execute_task
    result = _execute_callable(context=context, **execute_callable_kwargs)
             ^^^^^^^^^^^^^^^^^^^^^^^^^^^^^^^^^^^^^^^^^^^^^^^^^^^^^^^^^^^^^
  File "/home/airflow/.local/lib/python3.12/site-packages/airflow/models/taskinstance.py", line 432, in _execute_callable
    return execute_callable(context=context, **execute_callable_kwargs)
           ^^^^^^^^^^^^^^^^^^^^^^^^^^^^^^^^^^^^^^^^^^^^^^^^^^^^^^^^^^^^
  File "/home/airflow/.local/lib/python3.12/site-packages/airflow/models/baseoperator.py", line 401, in wrapper
    return func(self, *args, **kwargs)
           ^^^^^^^^^^^^^^^^^^^^^^^^^^^
  File "/home/airflow/.local/lib/python3.12/site-packages/airflow/operators/bash.py", line 243, in execute
    raise AirflowException(
airflow.exceptions.AirflowException: Bash command failed. The command returned a non-zero exit code 1.
[2026-02-19T06:56:54.068+0000] {taskinstance.py:1206} INFO - Marking task as UP_FOR_RETRY. dag_id=spacenews_end_to_end, task_id=extract_articles_blogs_reports, run_id=manual__2026-02-19T06:49:50.484818+00:00, execution_date=20260219T064950, start_date=20260219T065639, end_date=20260219T065654
[2026-02-19T06:56:54.074+0000] {standard_task_runner.py:110} ERROR - Failed to execute job 5 for task extract_articles_blogs_reports (Bash command failed. The command returned a non-zero exit code 1.; 107)
[2026-02-19T06:56:54.088+0000] {local_task_job_runner.py:243} INFO - Task exited with return code 1
[2026-02-19T06:56:54.097+0000] {taskinstance.py:3503} INFO - 0 downstream tasks scheduled from follow-on schedule check
[2026-02-19T06:56:54.097+0000] {local_task_job_runner.py:222} INFO - ::endgroup::
